<?xml version="1.0" encoding="UTF-8"?>
<testng-results ignored="0" total="1" passed="1" failed="0" skipped="0">
  <reporter-output>
  </reporter-output>
  <suite started-at="2023-09-28T10:08:51 UTC" name="Surefire suite" finished-at="2023-09-28T10:08:59 UTC" duration-ms="7903">
    <groups>
    </groups>
    <test started-at="2023-09-28T10:08:51 UTC" name="Surefire test" finished-at="2023-09-28T10:08:59 UTC" duration-ms="7903">
      <class name="com.test.GlobalNavigation">
        <test-method signature="globalnavigation()[pri:0, instance:com.test.GlobalNavigation@38c5cc4c]" started-at="2023-09-28T10:08:51 UTC" name="globalnavigation" finished-at="2023-09-28T10:08:59 UTC" duration-ms="7849" status="PASS">
          <reporter-output>
          </reporter-output>
        </test-method> <!-- globalnavigation -->
      </class> <!-- com.test.GlobalNavigation -->
    </test> <!-- Surefire test -->
  </suite> <!-- Surefire suite -->
</testng-results>
