<?xml version="1.0" encoding="UTF-8"?>
<testng-results ignored="0" total="1" passed="1" failed="0" skipped="0">
  <reporter-output>
  </reporter-output>
  <suite started-at="2023-09-28T10:16:51 UTC" name="Default suite" finished-at="2023-09-28T10:17:00 UTC" duration-ms="8713">
    <groups>
    </groups>
    <test started-at="2023-09-28T10:16:51 UTC" name="Default test" finished-at="2023-09-28T10:17:00 UTC" duration-ms="8713">
      <class name="com.test.GlobalNavigation">
        <test-method signature="globalnavigation()[pri:0, instance:com.test.GlobalNavigation@77847718]" started-at="2023-09-28T10:16:51 UTC" name="globalnavigation" finished-at="2023-09-28T10:17:00 UTC" duration-ms="8605" status="PASS">
          <reporter-output>
          </reporter-output>
        </test-method> <!-- globalnavigation -->
      </class> <!-- com.test.GlobalNavigation -->
    </test> <!-- Default test -->
  </suite> <!-- Default suite -->
</testng-results>
